[ 2019-04-11 16:40:08 - Level:I ]-[Controller.Controller -> main()] new Controller sucess!
[ 2019-04-11 16:40:08 - Level:I ]-[Controller.Controller -> main()] new JFrame sucess!
[ 2019-04-11 16:40:08 - Level:I ]-[Controller.Controller -> main()] frame.setLayout(new BorderLayout()) sucess!
[ 2019-04-11 16:40:08 - Level:I ]-[Controller.Controller -> main()] frame.setBounds(100, 100, 450, 300); sucess!
[ 2019-04-11 16:40:08 - Level:I ]-[Controller.Controller -> main()] frame.getContentPane().add(testcontroller.getView()); sucess!
[ 2019-04-11 16:40:08 - Level:I ]-[Controller.Controller -> main()] frame.setDefaultCloseOperation(JFrame.EXIT_ON_CLOSE); sucess!
[ 2019-04-11 16:40:08 - Level:I ]-[Controller.Controller -> main()] frame.setVisible(true); sucess!
[ 2019-04-11 16:40:21 - Level:I ]-[Model.Model -> getInfo()] Yjz=字符
[ 2019-04-11 16:40:21 - Level:I ]-[Model.Model -> getInfo()] Mjz=10进制
[ 2019-04-11 16:40:21 - Level:I ]-[Model.Model -> iGetjz()] -----iGetjz---start-----
[ 2019-04-11 16:40:21 - Level:I ]-[Model.Model -> iGetjz()] 字符
[ 2019-04-11 16:40:21 - Level:I ]-[Model.Model -> iGetjz()] -----iGetjz---end-----
[ 2019-04-11 16:40:22 - Level:I ]-[Model.Model -> iGetjz()] -----iGetjz---start-----
[ 2019-04-11 16:40:22 - Level:I ]-[Model.Model -> iGetjz()] 10进制
[ 2019-04-11 16:40:22 - Level:I ]-[Model.Model -> iGetjz()] -----iGetjz---end-----
[ 2019-04-11 16:40:22 - Level:I ]-[Model.Model -> getInfo()] iYjz=-1
[ 2019-04-11 16:40:22 - Level:I ]-[Model.Model -> getInfo()] jMjz=10
[ 2019-04-11 16:40:22 - Level:I ]-[Model.Model -> getInfo()] iYjz=-1
[ 2019-04-11 16:40:22 - Level:I ]-[Model.Model -> getInfo()] jMjz=10
[ 2019-04-11 16:40:22 - Level:I ]-[Model.Model -> getInfo()] 字符转换成10进制
[ 2019-04-11 16:40:22 - Level:I ]-[Model.Model -> getInfo()] 48
[ 2019-04-11 16:40:30 - Level:I ]-[Model.Model -> getInfo()] Yjz=字符
[ 2019-04-11 16:40:30 - Level:I ]-[Model.Model -> getInfo()] Mjz=10进制
[ 2019-04-11 16:40:30 - Level:I ]-[Model.Model -> iGetjz()] -----iGetjz---start-----
[ 2019-04-11 16:40:30 - Level:I ]-[Model.Model -> iGetjz()] 字符
[ 2019-04-11 16:40:30 - Level:I ]-[Model.Model -> iGetjz()] -----iGetjz---end-----
[ 2019-04-11 16:40:30 - Level:I ]-[Model.Model -> iGetjz()] -----iGetjz---start-----
[ 2019-04-11 16:40:30 - Level:I ]-[Model.Model -> iGetjz()] 10进制
[ 2019-04-11 16:40:30 - Level:I ]-[Model.Model -> iGetjz()] -----iGetjz---end-----
[ 2019-04-11 16:40:30 - Level:I ]-[Model.Model -> getInfo()] iYjz=-1
[ 2019-04-11 16:40:30 - Level:I ]-[Model.Model -> getInfo()] jMjz=10
[ 2019-04-11 16:40:30 - Level:I ]-[Model.Model -> getInfo()] iYjz=-1
[ 2019-04-11 16:40:30 - Level:I ]-[Model.Model -> getInfo()] jMjz=10
[ 2019-04-11 16:40:30 - Level:I ]-[Model.Model -> getInfo()] 字符转换成10进制
[ 2019-04-11 16:40:30 - Level:I ]-[Model.Model -> getInfo()] 48
[ 2019-04-11 16:40:34 - Level:I ]-[Model.Model -> getInfo()] Yjz=字符
[ 2019-04-11 16:40:34 - Level:I ]-[Model.Model -> getInfo()] Mjz=10进制
[ 2019-04-11 16:40:34 - Level:I ]-[Model.Model -> iGetjz()] -----iGetjz---start-----
[ 2019-04-11 16:40:34 - Level:I ]-[Model.Model -> iGetjz()] 字符
[ 2019-04-11 16:40:34 - Level:I ]-[Model.Model -> iGetjz()] -----iGetjz---end-----
[ 2019-04-11 16:40:34 - Level:I ]-[Model.Model -> iGetjz()] -----iGetjz---start-----
[ 2019-04-11 16:40:34 - Level:I ]-[Model.Model -> iGetjz()] 10进制
[ 2019-04-11 16:40:34 - Level:I ]-[Model.Model -> iGetjz()] -----iGetjz---end-----
[ 2019-04-11 16:40:34 - Level:I ]-[Model.Model -> getInfo()] iYjz=-1
[ 2019-04-11 16:40:34 - Level:I ]-[Model.Model -> getInfo()] jMjz=10
[ 2019-04-11 16:40:34 - Level:I ]-[Model.Model -> getInfo()] iYjz=-1
[ 2019-04-11 16:40:34 - Level:I ]-[Model.Model -> getInfo()] jMjz=10
[ 2019-04-11 16:40:34 - Level:I ]-[Model.Model -> getInfo()] 字符转换成10进制
[ 2019-04-11 16:40:34 - Level:I ]-[Model.Model -> getInfo()] 57
[ 2019-04-11 16:41:04 - Level:I ]-[Model.Model -> getInfo()] Yjz=2进制
[ 2019-04-11 16:41:04 - Level:I ]-[Model.Model -> getInfo()] Mjz=10进制
[ 2019-04-11 16:41:04 - Level:I ]-[Model.Model -> iGetjz()] -----iGetjz---start-----
[ 2019-04-11 16:41:04 - Level:I ]-[Model.Model -> iGetjz()] 2进制
[ 2019-04-11 16:41:04 - Level:I ]-[Model.Model -> iGetjz()] -----iGetjz---end-----
[ 2019-04-11 16:41:04 - Level:I ]-[Model.Model -> iGetjz()] -----iGetjz---start-----
[ 2019-04-11 16:41:04 - Level:I ]-[Model.Model -> iGetjz()] 10进制
[ 2019-04-11 16:41:04 - Level:I ]-[Model.Model -> iGetjz()] -----iGetjz---end-----
[ 2019-04-11 16:41:04 - Level:I ]-[Model.Model -> getInfo()] iYjz=2
[ 2019-04-11 16:41:04 - Level:I ]-[Model.Model -> getInfo()] jMjz=10
[ 2019-04-11 16:41:04 - Level:I ]-[Model.Model -> getInfo()] iYjz=2
[ 2019-04-11 16:41:04 - Level:I ]-[Model.Model -> getInfo()] jMjz=10
[ 2019-04-11 16:41:04 - Level:I ]-[Model.Model -> getInfo()] 2进制转换成10进制
[ 2019-04-11 16:41:04 - Level:I ]-[Model.Model -> getInfo()] 9
[ 2019-04-11 16:41:28 - Level:I ]-[Model.Model -> getInfo()] Yjz=2进制
[ 2019-04-11 16:41:28 - Level:I ]-[Model.Model -> getInfo()] Mjz=10进制
[ 2019-04-11 16:41:28 - Level:I ]-[Model.Model -> iGetjz()] -----iGetjz---start-----
[ 2019-04-11 16:41:28 - Level:I ]-[Model.Model -> iGetjz()] 2进制
[ 2019-04-11 16:41:28 - Level:I ]-[Model.Model -> iGetjz()] -----iGetjz---end-----
[ 2019-04-11 16:41:28 - Level:I ]-[Model.Model -> iGetjz()] -----iGetjz---start-----
[ 2019-04-11 16:41:28 - Level:I ]-[Model.Model -> iGetjz()] 10进制
[ 2019-04-11 16:41:28 - Level:I ]-[Model.Model -> iGetjz()] -----iGetjz---end-----
[ 2019-04-11 16:41:28 - Level:I ]-[Model.Model -> getInfo()] iYjz=2
[ 2019-04-11 16:41:28 - Level:I ]-[Model.Model -> getInfo()] jMjz=10
[ 2019-04-11 16:41:28 - Level:I ]-[Model.Model -> getInfo()] iYjz=2
[ 2019-04-11 16:41:28 - Level:I ]-[Model.Model -> getInfo()] jMjz=10
[ 2019-04-11 16:41:28 - Level:I ]-[Model.Model -> getInfo()] 2进制转换成10进制
[ 2019-04-11 16:41:28 - Level:I ]-[Model.Model -> getInfo()] 10
[ 2019-04-11 16:41:32 - Level:I ]-[Model.Model -> getInfo()] Yjz=2进制
[ 2019-04-11 16:41:32 - Level:I ]-[Model.Model -> getInfo()] Mjz=8进制
[ 2019-04-11 16:41:32 - Level:I ]-[Model.Model -> iGetjz()] -----iGetjz---start-----
[ 2019-04-11 16:41:32 - Level:I ]-[Model.Model -> iGetjz()] 2进制
[ 2019-04-11 16:41:32 - Level:I ]-[Model.Model -> iGetjz()] -----iGetjz---end-----
[ 2019-04-11 16:41:32 - Level:I ]-[Model.Model -> iGetjz()] -----iGetjz---start-----
[ 2019-04-11 16:41:32 - Level:I ]-[Model.Model -> iGetjz()] 8进制
[ 2019-04-11 16:41:32 - Level:I ]-[Model.Model -> iGetjz()] -----iGetjz---end-----
[ 2019-04-11 16:41:32 - Level:I ]-[Model.Model -> getInfo()] iYjz=2
[ 2019-04-11 16:41:32 - Level:I ]-[Model.Model -> getInfo()] jMjz=8
[ 2019-04-11 16:41:32 - Level:I ]-[Model.Model -> getInfo()] iYjz=2
[ 2019-04-11 16:41:32 - Level:I ]-[Model.Model -> getInfo()] jMjz=8
[ 2019-04-11 16:41:32 - Level:I ]-[Model.Model -> getInfo()] 2进制转换成10进制
[ 2019-04-11 16:41:32 - Level:I ]-[Model.Model -> getInfo()] 12
[ 2019-04-11 16:41:39 - Level:I ]-[Model.Model -> getInfo()] Yjz=2进制
[ 2019-04-11 16:41:39 - Level:I ]-[Model.Model -> getInfo()] Mjz=16进制
[ 2019-04-11 16:41:39 - Level:I ]-[Model.Model -> iGetjz()] -----iGetjz---start-----
[ 2019-04-11 16:41:39 - Level:I ]-[Model.Model -> iGetjz()] 2进制
[ 2019-04-11 16:41:39 - Level:I ]-[Model.Model -> iGetjz()] -----iGetjz---end-----
[ 2019-04-11 16:41:39 - Level:I ]-[Model.Model -> iGetjz()] -----iGetjz---start-----
[ 2019-04-11 16:41:39 - Level:I ]-[Model.Model -> iGetjz()] 16进制
[ 2019-04-11 16:41:39 - Level:I ]-[Model.Model -> iGetjz()] -----iGetjz---end-----
[ 2019-04-11 16:41:39 - Level:I ]-[Model.Model -> getInfo()] iYjz=2
[ 2019-04-11 16:41:39 - Level:I ]-[Model.Model -> getInfo()] jMjz=16
[ 2019-04-11 16:41:39 - Level:I ]-[Model.Model -> getInfo()] iYjz=2
[ 2019-04-11 16:41:39 - Level:I ]-[Model.Model -> getInfo()] jMjz=16
[ 2019-04-11 16:41:39 - Level:I ]-[Model.Model -> getInfo()] 2进制转换成10进制
[ 2019-04-11 16:41:39 - Level:I ]-[Model.Model -> getInfo()] a
[ 2019-04-11 16:42:54 - Level:I ]-[Model.Model -> getInfo()] Yjz=2进制
[ 2019-04-11 16:42:54 - Level:I ]-[Model.Model -> getInfo()] Mjz=字符
[ 2019-04-11 16:42:54 - Level:I ]-[Model.Model -> iGetjz()] -----iGetjz---start-----
[ 2019-04-11 16:42:54 - Level:I ]-[Model.Model -> iGetjz()] 2进制
[ 2019-04-11 16:42:54 - Level:I ]-[Model.Model -> iGetjz()] -----iGetjz---end-----
[ 2019-04-11 16:42:54 - Level:I ]-[Model.Model -> iGetjz()] -----iGetjz---start-----
[ 2019-04-11 16:42:54 - Level:I ]-[Model.Model -> iGetjz()] 字符
[ 2019-04-11 16:42:54 - Level:I ]-[Model.Model -> iGetjz()] -----iGetjz---end-----
[ 2019-04-11 16:42:54 - Level:I ]-[Model.Model -> getInfo()] iYjz=2
[ 2019-04-11 16:42:54 - Level:I ]-[Model.Model -> getInfo()] jMjz=-1
[ 2019-04-11 16:42:54 - Level:I ]-[Model.Model -> getInfo()] iYjz=2
[ 2019-04-11 16:42:54 - Level:I ]-[Model.Model -> getInfo()] jMjz=-1
[ 2019-04-11 16:42:54 - Level:I ]-[Model.Model -> getInfo()] 2进制转换成10进制
[ 2019-04-11 16:42:54 - Level:I ]-[Model.Model -> getInfo()] 

[ 2019-04-11 16:42:56 - Level:I ]-[Model.Model -> getInfo()] Yjz=2进制
[ 2019-04-11 16:42:56 - Level:I ]-[Model.Model -> getInfo()] Mjz=字符
[ 2019-04-11 16:42:56 - Level:I ]-[Model.Model -> iGetjz()] -----iGetjz---start-----
[ 2019-04-11 16:42:56 - Level:I ]-[Model.Model -> iGetjz()] 2进制
[ 2019-04-11 16:42:56 - Level:I ]-[Model.Model -> iGetjz()] -----iGetjz---end-----
[ 2019-04-11 16:42:56 - Level:I ]-[Model.Model -> iGetjz()] -----iGetjz---start-----
[ 2019-04-11 16:42:56 - Level:I ]-[Model.Model -> iGetjz()] 字符
[ 2019-04-11 16:42:56 - Level:I ]-[Model.Model -> iGetjz()] -----iGetjz---end-----
[ 2019-04-11 16:42:56 - Level:I ]-[Model.Model -> getInfo()] iYjz=2
[ 2019-04-11 16:42:56 - Level:I ]-[Model.Model -> getInfo()] jMjz=-1
[ 2019-04-11 16:42:56 - Level:I ]-[Model.Model -> getInfo()] iYjz=2
[ 2019-04-11 16:42:56 - Level:I ]-[Model.Model -> getInfo()] jMjz=-1
[ 2019-04-11 16:42:56 - Level:I ]-[Model.Model -> getInfo()] 2进制转换成10进制
[ 2019-04-11 16:42:56 - Level:I ]-[Model.Model -> getInfo()] 

[ 2019-04-11 16:42:59 - Level:I ]-[Model.Model -> getInfo()] Yjz=2进制
[ 2019-04-11 16:42:59 - Level:I ]-[Model.Model -> getInfo()] Mjz=2进制
[ 2019-04-11 16:42:59 - Level:I ]-[Model.Model -> iGetjz()] -----iGetjz---start-----
[ 2019-04-11 16:42:59 - Level:I ]-[Model.Model -> iGetjz()] 2进制
[ 2019-04-11 16:42:59 - Level:I ]-[Model.Model -> iGetjz()] -----iGetjz---end-----
[ 2019-04-11 16:42:59 - Level:I ]-[Model.Model -> iGetjz()] -----iGetjz---start-----
[ 2019-04-11 16:42:59 - Level:I ]-[Model.Model -> iGetjz()] 2进制
[ 2019-04-11 16:42:59 - Level:I ]-[Model.Model -> iGetjz()] -----iGetjz---end-----
[ 2019-04-11 16:42:59 - Level:I ]-[Model.Model -> getInfo()] iYjz=2
[ 2019-04-11 16:42:59 - Level:I ]-[Model.Model -> getInfo()] jMjz=2
[ 2019-04-11 16:42:59 - Level:I ]-[Model.Model -> getInfo()] iYjz=2
[ 2019-04-11 16:42:59 - Level:I ]-[Model.Model -> getInfo()] jMjz=2
[ 2019-04-11 16:42:59 - Level:I ]-[Model.Model -> getInfo()] 源进制与目标进制相同，则不用转换
[ 2019-04-11 16:42:59 - Level:I ]-[Model.Model -> getInfo()] 00001010
[ 2019-04-11 16:43:01 - Level:I ]-[Model.Model -> getInfo()] Yjz=2进制
[ 2019-04-11 16:43:01 - Level:I ]-[Model.Model -> getInfo()] Mjz=8进制
[ 2019-04-11 16:43:01 - Level:I ]-[Model.Model -> iGetjz()] -----iGetjz---start-----
[ 2019-04-11 16:43:01 - Level:I ]-[Model.Model -> iGetjz()] 2进制
[ 2019-04-11 16:43:01 - Level:I ]-[Model.Model -> iGetjz()] -----iGetjz---end-----
[ 2019-04-11 16:43:01 - Level:I ]-[Model.Model -> iGetjz()] -----iGetjz---start-----
[ 2019-04-11 16:43:01 - Level:I ]-[Model.Model -> iGetjz()] 8进制
[ 2019-04-11 16:43:01 - Level:I ]-[Model.Model -> iGetjz()] -----iGetjz---end-----
[ 2019-04-11 16:43:01 - Level:I ]-[Model.Model -> getInfo()] iYjz=2
[ 2019-04-11 16:43:01 - Level:I ]-[Model.Model -> getInfo()] jMjz=8
[ 2019-04-11 16:43:01 - Level:I ]-[Model.Model -> getInfo()] iYjz=2
[ 2019-04-11 16:43:01 - Level:I ]-[Model.Model -> getInfo()] jMjz=8
[ 2019-04-11 16:43:01 - Level:I ]-[Model.Model -> getInfo()] 2进制转换成10进制
[ 2019-04-11 16:43:01 - Level:I ]-[Model.Model -> getInfo()] 12
[ 2019-04-11 16:43:10 - Level:I ]-[Model.Model -> getInfo()] Yjz=2进制
[ 2019-04-11 16:43:10 - Level:I ]-[Model.Model -> getInfo()] Mjz=16进制
[ 2019-04-11 16:43:10 - Level:I ]-[Model.Model -> iGetjz()] -----iGetjz---start-----
[ 2019-04-11 16:43:10 - Level:I ]-[Model.Model -> iGetjz()] 2进制
[ 2019-04-11 16:43:10 - Level:I ]-[Model.Model -> iGetjz()] -----iGetjz---end-----
[ 2019-04-11 16:43:10 - Level:I ]-[Model.Model -> iGetjz()] -----iGetjz---start-----
[ 2019-04-11 16:43:10 - Level:I ]-[Model.Model -> iGetjz()] 16进制
[ 2019-04-11 16:43:10 - Level:I ]-[Model.Model -> iGetjz()] -----iGetjz---end-----
[ 2019-04-11 16:43:10 - Level:I ]-[Model.Model -> getInfo()] iYjz=2
[ 2019-04-11 16:43:10 - Level:I ]-[Model.Model -> getInfo()] jMjz=16
[ 2019-04-11 16:43:10 - Level:I ]-[Model.Model -> getInfo()] iYjz=2
[ 2019-04-11 16:43:10 - Level:I ]-[Model.Model -> getInfo()] jMjz=16
[ 2019-04-11 16:43:10 - Level:I ]-[Model.Model -> getInfo()] 2进制转换成10进制
[ 2019-04-11 16:43:10 - Level:I ]-[Model.Model -> getInfo()] a
[ 2019-04-11 16:43:30 - Level:I ]-[Model.Model -> getInfo()] Yjz=2进制
[ 2019-04-11 16:43:30 - Level:I ]-[Model.Model -> getInfo()] Mjz=16进制
[ 2019-04-11 16:43:30 - Level:I ]-[Model.Model -> iGetjz()] -----iGetjz---start-----
[ 2019-04-11 16:43:30 - Level:I ]-[Model.Model -> iGetjz()] 2进制
[ 2019-04-11 16:43:30 - Level:I ]-[Model.Model -> iGetjz()] -----iGetjz---end-----
[ 2019-04-11 16:43:30 - Level:I ]-[Model.Model -> iGetjz()] -----iGetjz---start-----
[ 2019-04-11 16:43:30 - Level:I ]-[Model.Model -> iGetjz()] 16进制
[ 2019-04-11 16:43:30 - Level:I ]-[Model.Model -> iGetjz()] -----iGetjz---end-----
[ 2019-04-11 16:43:30 - Level:I ]-[Model.Model -> getInfo()] iYjz=2
[ 2019-04-11 16:43:30 - Level:I ]-[Model.Model -> getInfo()] jMjz=16
[ 2019-04-11 16:43:30 - Level:I ]-[Model.Model -> getInfo()] iYjz=2
[ 2019-04-11 16:43:30 - Level:I ]-[Model.Model -> getInfo()] jMjz=16
[ 2019-04-11 16:43:30 - Level:I ]-[Model.Model -> getInfo()] 2进制转换成10进制
[ 2019-04-11 16:43:30 - Level:I ]-[Model.Model -> getInfo()] 2
[ 2019-04-11 16:43:33 - Level:I ]-[Model.Model -> getInfo()] Yjz=10进制
[ 2019-04-11 16:43:33 - Level:I ]-[Model.Model -> getInfo()] Mjz=16进制
[ 2019-04-11 16:43:33 - Level:I ]-[Model.Model -> iGetjz()] -----iGetjz---start-----
[ 2019-04-11 16:43:33 - Level:I ]-[Model.Model -> iGetjz()] 10进制
[ 2019-04-11 16:43:33 - Level:I ]-[Model.Model -> iGetjz()] -----iGetjz---end-----
[ 2019-04-11 16:43:33 - Level:I ]-[Model.Model -> iGetjz()] -----iGetjz---start-----
[ 2019-04-11 16:43:33 - Level:I ]-[Model.Model -> iGetjz()] 16进制
[ 2019-04-11 16:43:33 - Level:I ]-[Model.Model -> iGetjz()] -----iGetjz---end-----
[ 2019-04-11 16:43:33 - Level:I ]-[Model.Model -> getInfo()] iYjz=10
[ 2019-04-11 16:43:33 - Level:I ]-[Model.Model -> getInfo()] jMjz=16
[ 2019-04-11 16:43:33 - Level:I ]-[Model.Model -> getInfo()] iYjz=10
[ 2019-04-11 16:43:33 - Level:I ]-[Model.Model -> getInfo()] jMjz=16
[ 2019-04-11 16:43:33 - Level:I ]-[Model.Model -> getInfo()] 10进制不用转换
[ 2019-04-11 16:43:33 - Level:I ]-[Model.Model -> getInfo()] a
[ 2019-04-11 16:43:36 - Level:I ]-[Model.Model -> getInfo()] Yjz=10进制
[ 2019-04-11 16:43:36 - Level:I ]-[Model.Model -> getInfo()] Mjz=字符
[ 2019-04-11 16:43:36 - Level:I ]-[Model.Model -> iGetjz()] -----iGetjz---start-----
[ 2019-04-11 16:43:36 - Level:I ]-[Model.Model -> iGetjz()] 10进制
[ 2019-04-11 16:43:36 - Level:I ]-[Model.Model -> iGetjz()] -----iGetjz---end-----
[ 2019-04-11 16:43:36 - Level:I ]-[Model.Model -> iGetjz()] -----iGetjz---start-----
[ 2019-04-11 16:43:36 - Level:I ]-[Model.Model -> iGetjz()] 字符
[ 2019-04-11 16:43:36 - Level:I ]-[Model.Model -> iGetjz()] -----iGetjz---end-----
[ 2019-04-11 16:43:36 - Level:I ]-[Model.Model -> getInfo()] iYjz=10
[ 2019-04-11 16:43:36 - Level:I ]-[Model.Model -> getInfo()] jMjz=-1
[ 2019-04-11 16:43:36 - Level:I ]-[Model.Model -> getInfo()] iYjz=10
[ 2019-04-11 16:43:36 - Level:I ]-[Model.Model -> getInfo()] jMjz=-1
[ 2019-04-11 16:43:36 - Level:I ]-[Model.Model -> getInfo()] 10进制不用转换
[ 2019-04-11 16:43:36 - Level:I ]-[Model.Model -> getInfo()] 

[ 2019-04-11 16:43:38 - Level:I ]-[Model.Model -> getInfo()] Yjz=10进制
[ 2019-04-11 16:43:38 - Level:I ]-[Model.Model -> getInfo()] Mjz=2进制
[ 2019-04-11 16:43:38 - Level:I ]-[Model.Model -> iGetjz()] -----iGetjz---start-----
[ 2019-04-11 16:43:38 - Level:I ]-[Model.Model -> iGetjz()] 10进制
[ 2019-04-11 16:43:38 - Level:I ]-[Model.Model -> iGetjz()] -----iGetjz---end-----
[ 2019-04-11 16:43:38 - Level:I ]-[Model.Model -> iGetjz()] -----iGetjz---start-----
[ 2019-04-11 16:43:38 - Level:I ]-[Model.Model -> iGetjz()] 2进制
[ 2019-04-11 16:43:38 - Level:I ]-[Model.Model -> iGetjz()] -----iGetjz---end-----
[ 2019-04-11 16:43:38 - Level:I ]-[Model.Model -> getInfo()] iYjz=10
[ 2019-04-11 16:43:38 - Level:I ]-[Model.Model -> getInfo()] jMjz=2
[ 2019-04-11 16:43:38 - Level:I ]-[Model.Model -> getInfo()] iYjz=10
[ 2019-04-11 16:43:38 - Level:I ]-[Model.Model -> getInfo()] jMjz=2
[ 2019-04-11 16:43:38 - Level:I ]-[Model.Model -> getInfo()] 10进制不用转换
[ 2019-04-11 16:43:38 - Level:I ]-[Model.Model -> getInfo()] 1010
[ 2019-04-11 16:43:40 - Level:I ]-[Model.Model -> getInfo()] Yjz=10进制
[ 2019-04-11 16:43:40 - Level:I ]-[Model.Model -> getInfo()] Mjz=8进制
[ 2019-04-11 16:43:40 - Level:I ]-[Model.Model -> iGetjz()] -----iGetjz---start-----
[ 2019-04-11 16:43:40 - Level:I ]-[Model.Model -> iGetjz()] 10进制
[ 2019-04-11 16:43:40 - Level:I ]-[Model.Model -> iGetjz()] -----iGetjz---end-----
[ 2019-04-11 16:43:40 - Level:I ]-[Model.Model -> iGetjz()] -----iGetjz---start-----
[ 2019-04-11 16:43:40 - Level:I ]-[Model.Model -> iGetjz()] 8进制
[ 2019-04-11 16:43:40 - Level:I ]-[Model.Model -> iGetjz()] -----iGetjz---end-----
[ 2019-04-11 16:43:40 - Level:I ]-[Model.Model -> getInfo()] iYjz=10
[ 2019-04-11 16:43:40 - Level:I ]-[Model.Model -> getInfo()] jMjz=8
[ 2019-04-11 16:43:40 - Level:I ]-[Model.Model -> getInfo()] iYjz=10
[ 2019-04-11 16:43:40 - Level:I ]-[Model.Model -> getInfo()] jMjz=8
[ 2019-04-11 16:43:40 - Level:I ]-[Model.Model -> getInfo()] 10进制不用转换
[ 2019-04-11 16:43:40 - Level:I ]-[Model.Model -> getInfo()] 12
[ 2019-04-11 16:43:44 - Level:I ]-[Model.Model -> getInfo()] Yjz=10进制
[ 2019-04-11 16:43:44 - Level:I ]-[Model.Model -> getInfo()] Mjz=16进制
[ 2019-04-11 16:43:44 - Level:I ]-[Model.Model -> iGetjz()] -----iGetjz---start-----
[ 2019-04-11 16:43:44 - Level:I ]-[Model.Model -> iGetjz()] 10进制
[ 2019-04-11 16:43:44 - Level:I ]-[Model.Model -> iGetjz()] -----iGetjz---end-----
[ 2019-04-11 16:43:44 - Level:I ]-[Model.Model -> iGetjz()] -----iGetjz---start-----
[ 2019-04-11 16:43:44 - Level:I ]-[Model.Model -> iGetjz()] 16进制
[ 2019-04-11 16:43:44 - Level:I ]-[Model.Model -> iGetjz()] -----iGetjz---end-----
[ 2019-04-11 16:43:44 - Level:I ]-[Model.Model -> getInfo()] iYjz=10
[ 2019-04-11 16:43:44 - Level:I ]-[Model.Model -> getInfo()] jMjz=16
[ 2019-04-11 16:43:44 - Level:I ]-[Model.Model -> getInfo()] iYjz=10
[ 2019-04-11 16:43:44 - Level:I ]-[Model.Model -> getInfo()] jMjz=16
[ 2019-04-11 16:43:44 - Level:I ]-[Model.Model -> getInfo()] 10进制不用转换
[ 2019-04-11 16:43:44 - Level:I ]-[Model.Model -> getInfo()] a
[ 2019-04-11 16:43:48 - Level:I ]-[Model.Model -> getInfo()] Yjz=10进制
[ 2019-04-11 16:43:48 - Level:I ]-[Model.Model -> getInfo()] Mjz=字符串
[ 2019-04-11 16:43:48 - Level:I ]-[Model.Model -> iGetjz()] -----iGetjz---start-----
[ 2019-04-11 16:43:48 - Level:I ]-[Model.Model -> iGetjz()] 10进制
[ 2019-04-11 16:43:48 - Level:I ]-[Model.Model -> iGetjz()] -----iGetjz---end-----
[ 2019-04-11 16:43:48 - Level:I ]-[Model.Model -> iGetjz()] -----iGetjz---start-----
[ 2019-04-11 16:43:48 - Level:I ]-[Model.Model -> iGetjz()] 字符串
[ 2019-04-11 16:43:48 - Level:I ]-[Model.Model -> iGetjz()] -----iGetjz---end-----
[ 2019-04-11 16:43:48 - Level:I ]-[Model.Model -> getInfo()] iYjz=10
[ 2019-04-11 16:43:48 - Level:I ]-[Model.Model -> getInfo()] jMjz=-2
[ 2019-04-11 16:43:48 - Level:I ]-[Model.Model -> getInfo()] iYjz=10
[ 2019-04-11 16:43:48 - Level:I ]-[Model.Model -> getInfo()] jMjz=-2
[ 2019-04-11 16:43:48 - Level:I ]-[Model.Model -> getInfo()] 10进制不用转换
[ 2019-04-11 16:43:48 - Level:I ]-[Model.Model -> getInfo()] a
[ 2019-04-11 16:45:35 - Level:I ]-[Model.Model -> getInfo()] Yjz=10进制
[ 2019-04-11 16:45:35 - Level:I ]-[Model.Model -> getInfo()] Mjz=8进制
[ 2019-04-11 16:45:35 - Level:I ]-[Model.Model -> iGetjz()] -----iGetjz---start-----
[ 2019-04-11 16:45:35 - Level:I ]-[Model.Model -> iGetjz()] 10进制
[ 2019-04-11 16:45:35 - Level:I ]-[Model.Model -> iGetjz()] -----iGetjz---end-----
[ 2019-04-11 16:45:35 - Level:I ]-[Model.Model -> iGetjz()] -----iGetjz---start-----
[ 2019-04-11 16:45:35 - Level:I ]-[Model.Model -> iGetjz()] 8进制
[ 2019-04-11 16:45:35 - Level:I ]-[Model.Model -> iGetjz()] -----iGetjz---end-----
[ 2019-04-11 16:45:35 - Level:I ]-[Model.Model -> getInfo()] iYjz=10
[ 2019-04-11 16:45:35 - Level:I ]-[Model.Model -> getInfo()] jMjz=8
[ 2019-04-11 16:45:35 - Level:I ]-[Model.Model -> getInfo()] iYjz=10
[ 2019-04-11 16:45:35 - Level:I ]-[Model.Model -> getInfo()] jMjz=8
[ 2019-04-11 16:45:35 - Level:I ]-[Model.Model -> getInfo()] 10进制不用转换
[ 2019-04-11 16:45:35 - Level:I ]-[Model.Model -> getInfo()] 1
[ 2019-04-11 16:45:50 - Level:I ]-[Model.Model -> getInfo()] Yjz=10进制
[ 2019-04-11 16:45:50 - Level:I ]-[Model.Model -> getInfo()] Mjz=8进制
[ 2019-04-11 16:45:50 - Level:I ]-[Model.Model -> iGetjz()] -----iGetjz---start-----
[ 2019-04-11 16:45:50 - Level:I ]-[Model.Model -> iGetjz()] 10进制
[ 2019-04-11 16:45:50 - Level:I ]-[Model.Model -> iGetjz()] -----iGetjz---end-----
[ 2019-04-11 16:45:50 - Level:I ]-[Model.Model -> iGetjz()] -----iGetjz---start-----
[ 2019-04-11 16:45:50 - Level:I ]-[Model.Model -> iGetjz()] 8进制
[ 2019-04-11 16:45:50 - Level:I ]-[Model.Model -> iGetjz()] -----iGetjz---end-----
[ 2019-04-11 16:45:50 - Level:I ]-[Model.Model -> getInfo()] iYjz=10
[ 2019-04-11 16:45:50 - Level:I ]-[Model.Model -> getInfo()] jMjz=8
[ 2019-04-11 16:45:50 - Level:I ]-[Model.Model -> getInfo()] iYjz=10
[ 2019-04-11 16:45:50 - Level:I ]-[Model.Model -> getInfo()] jMjz=8
[ 2019-04-11 16:45:50 - Level:I ]-[Model.Model -> getInfo()] 10进制不用转换
[ 2019-04-11 16:45:50 - Level:I ]-[Model.Model -> getInfo()] 11
[ 2019-04-11 16:46:01 - Level:I ]-[Model.Model -> getInfo()] Yjz=10进制
[ 2019-04-11 16:46:01 - Level:I ]-[Model.Model -> getInfo()] Mjz=8进制
[ 2019-04-11 16:46:01 - Level:I ]-[Model.Model -> iGetjz()] -----iGetjz---start-----
[ 2019-04-11 16:46:01 - Level:I ]-[Model.Model -> iGetjz()] 10进制
[ 2019-04-11 16:46:01 - Level:I ]-[Model.Model -> iGetjz()] -----iGetjz---end-----
[ 2019-04-11 16:46:01 - Level:I ]-[Model.Model -> iGetjz()] -----iGetjz---start-----
[ 2019-04-11 16:46:01 - Level:I ]-[Model.Model -> iGetjz()] 8进制
[ 2019-04-11 16:46:01 - Level:I ]-[Model.Model -> iGetjz()] -----iGetjz---end-----
[ 2019-04-11 16:46:01 - Level:I ]-[Model.Model -> getInfo()] iYjz=10
[ 2019-04-11 16:46:01 - Level:I ]-[Model.Model -> getInfo()] jMjz=8
[ 2019-04-11 16:46:01 - Level:I ]-[Model.Model -> getInfo()] iYjz=10
[ 2019-04-11 16:46:01 - Level:I ]-[Model.Model -> getInfo()] jMjz=8
[ 2019-04-11 16:46:01 - Level:I ]-[Model.Model -> getInfo()] 10进制不用转换
[ 2019-04-11 16:46:01 - Level:I ]-[Model.Model -> getInfo()] 12
[ 2019-04-11 16:46:18 - Level:I ]-[Model.Model -> getInfo()] Yjz=10进制
[ 2019-04-11 16:46:18 - Level:I ]-[Model.Model -> getInfo()] Mjz=8进制
[ 2019-04-11 16:46:18 - Level:I ]-[Model.Model -> iGetjz()] -----iGetjz---start-----
[ 2019-04-11 16:46:18 - Level:I ]-[Model.Model -> iGetjz()] 10进制
[ 2019-04-11 16:46:18 - Level:I ]-[Model.Model -> iGetjz()] -----iGetjz---end-----
[ 2019-04-11 16:46:18 - Level:I ]-[Model.Model -> iGetjz()] -----iGetjz---start-----
[ 2019-04-11 16:46:18 - Level:I ]-[Model.Model -> iGetjz()] 8进制
[ 2019-04-11 16:46:18 - Level:I ]-[Model.Model -> iGetjz()] -----iGetjz---end-----
[ 2019-04-11 16:46:18 - Level:I ]-[Model.Model -> getInfo()] iYjz=10
[ 2019-04-11 16:46:18 - Level:I ]-[Model.Model -> getInfo()] jMjz=8
[ 2019-04-11 16:46:18 - Level:I ]-[Model.Model -> getInfo()] iYjz=10
[ 2019-04-11 16:46:18 - Level:I ]-[Model.Model -> getInfo()] jMjz=8
[ 2019-04-11 16:46:18 - Level:I ]-[Model.Model -> getInfo()] 10进制不用转换
[ 2019-04-11 16:46:18 - Level:I ]-[Model.Model -> getInfo()] 1
[ 2019-04-11 16:46:22 - Level:I ]-[Model.Model -> getInfo()] Yjz=10进制
[ 2019-04-11 16:46:22 - Level:I ]-[Model.Model -> getInfo()] Mjz=2进制
[ 2019-04-11 16:46:22 - Level:I ]-[Model.Model -> iGetjz()] -----iGetjz---start-----
[ 2019-04-11 16:46:22 - Level:I ]-[Model.Model -> iGetjz()] 10进制
[ 2019-04-11 16:46:22 - Level:I ]-[Model.Model -> iGetjz()] -----iGetjz---end-----
[ 2019-04-11 16:46:22 - Level:I ]-[Model.Model -> iGetjz()] -----iGetjz---start-----
[ 2019-04-11 16:46:22 - Level:I ]-[Model.Model -> iGetjz()] 2进制
[ 2019-04-11 16:46:22 - Level:I ]-[Model.Model -> iGetjz()] -----iGetjz---end-----
[ 2019-04-11 16:46:22 - Level:I ]-[Model.Model -> getInfo()] iYjz=10
[ 2019-04-11 16:46:22 - Level:I ]-[Model.Model -> getInfo()] jMjz=2
[ 2019-04-11 16:46:22 - Level:I ]-[Model.Model -> getInfo()] iYjz=10
[ 2019-04-11 16:46:22 - Level:I ]-[Model.Model -> getInfo()] jMjz=2
[ 2019-04-11 16:46:22 - Level:I ]-[Model.Model -> getInfo()] 10进制不用转换
[ 2019-04-11 16:46:22 - Level:I ]-[Model.Model -> getInfo()] 1
[ 2019-04-11 16:46:24 - Level:I ]-[Model.Model -> getInfo()] Yjz=10进制
[ 2019-04-11 16:46:24 - Level:I ]-[Model.Model -> getInfo()] Mjz=8进制
[ 2019-04-11 16:46:24 - Level:I ]-[Model.Model -> iGetjz()] -----iGetjz---start-----
[ 2019-04-11 16:46:24 - Level:I ]-[Model.Model -> iGetjz()] 10进制
[ 2019-04-11 16:46:24 - Level:I ]-[Model.Model -> iGetjz()] -----iGetjz---end-----
[ 2019-04-11 16:46:24 - Level:I ]-[Model.Model -> iGetjz()] -----iGetjz---start-----
[ 2019-04-11 16:46:24 - Level:I ]-[Model.Model -> iGetjz()] 8进制
[ 2019-04-11 16:46:24 - Level:I ]-[Model.Model -> iGetjz()] -----iGetjz---end-----
[ 2019-04-11 16:46:24 - Level:I ]-[Model.Model -> getInfo()] iYjz=10
[ 2019-04-11 16:46:24 - Level:I ]-[Model.Model -> getInfo()] jMjz=8
[ 2019-04-11 16:46:24 - Level:I ]-[Model.Model -> getInfo()] iYjz=10
[ 2019-04-11 16:46:24 - Level:I ]-[Model.Model -> getInfo()] jMjz=8
[ 2019-04-11 16:46:24 - Level:I ]-[Model.Model -> getInfo()] 10进制不用转换
[ 2019-04-11 16:46:24 - Level:I ]-[Model.Model -> getInfo()] 1
[ 2019-04-11 16:46:32 - Level:I ]-[Model.Model -> getInfo()] Yjz=10进制
[ 2019-04-11 16:46:32 - Level:I ]-[Model.Model -> getInfo()] Mjz=8进制
[ 2019-04-11 16:46:32 - Level:I ]-[Model.Model -> iGetjz()] -----iGetjz---start-----
[ 2019-04-11 16:46:32 - Level:I ]-[Model.Model -> iGetjz()] 10进制
[ 2019-04-11 16:46:32 - Level:I ]-[Model.Model -> iGetjz()] -----iGetjz---end-----
[ 2019-04-11 16:46:32 - Level:I ]-[Model.Model -> iGetjz()] -----iGetjz---start-----
[ 2019-04-11 16:46:32 - Level:I ]-[Model.Model -> iGetjz()] 8进制
[ 2019-04-11 16:46:32 - Level:I ]-[Model.Model -> iGetjz()] -----iGetjz---end-----
[ 2019-04-11 16:46:32 - Level:I ]-[Model.Model -> getInfo()] iYjz=10
[ 2019-04-11 16:46:32 - Level:I ]-[Model.Model -> getInfo()] jMjz=8
[ 2019-04-11 16:46:32 - Level:I ]-[Model.Model -> getInfo()] iYjz=10
[ 2019-04-11 16:46:32 - Level:I ]-[Model.Model -> getInfo()] jMjz=8
[ 2019-04-11 16:46:32 - Level:I ]-[Model.Model -> getInfo()] 10进制不用转换
[ 2019-04-11 16:46:32 - Level:I ]-[Model.Model -> getInfo()] 12
[ 2019-04-11 16:46:37 - Level:I ]-[Model.Model -> getInfo()] Yjz=10进制
[ 2019-04-11 16:46:37 - Level:I ]-[Model.Model -> getInfo()] Mjz=8进制
[ 2019-04-11 16:46:37 - Level:I ]-[Model.Model -> iGetjz()] -----iGetjz---start-----
[ 2019-04-11 16:46:37 - Level:I ]-[Model.Model -> iGetjz()] 10进制
[ 2019-04-11 16:46:37 - Level:I ]-[Model.Model -> iGetjz()] -----iGetjz---end-----
[ 2019-04-11 16:46:37 - Level:I ]-[Model.Model -> iGetjz()] -----iGetjz---start-----
[ 2019-04-11 16:46:37 - Level:I ]-[Model.Model -> iGetjz()] 8进制
[ 2019-04-11 16:46:37 - Level:I ]-[Model.Model -> iGetjz()] -----iGetjz---end-----
[ 2019-04-11 16:46:37 - Level:I ]-[Model.Model -> getInfo()] iYjz=10
[ 2019-04-11 16:46:37 - Level:I ]-[Model.Model -> getInfo()] jMjz=8
[ 2019-04-11 16:46:37 - Level:I ]-[Model.Model -> getInfo()] iYjz=10
[ 2019-04-11 16:46:37 - Level:I ]-[Model.Model -> getInfo()] jMjz=8
[ 2019-04-11 16:46:37 - Level:I ]-[Model.Model -> getInfo()] 10进制不用转换
[ 2019-04-11 16:46:37 - Level:I ]-[Model.Model -> getInfo()] 12
[ 2019-04-11 16:46:50 - Level:I ]-[Model.Model -> getInfo()] Yjz=8进制
[ 2019-04-11 16:46:50 - Level:I ]-[Model.Model -> getInfo()] Mjz=10进制
[ 2019-04-11 16:46:50 - Level:I ]-[Model.Model -> iGetjz()] -----iGetjz---start-----
[ 2019-04-11 16:46:50 - Level:I ]-[Model.Model -> iGetjz()] 8进制
[ 2019-04-11 16:46:50 - Level:I ]-[Model.Model -> iGetjz()] -----iGetjz---end-----
[ 2019-04-11 16:46:50 - Level:I ]-[Model.Model -> iGetjz()] -----iGetjz---start-----
[ 2019-04-11 16:46:50 - Level:I ]-[Model.Model -> iGetjz()] 10进制
[ 2019-04-11 16:46:50 - Level:I ]-[Model.Model -> iGetjz()] -----iGetjz---end-----
[ 2019-04-11 16:46:50 - Level:I ]-[Model.Model -> getInfo()] iYjz=8
[ 2019-04-11 16:46:50 - Level:I ]-[Model.Model -> getInfo()] jMjz=10
[ 2019-04-11 16:46:50 - Level:I ]-[Model.Model -> getInfo()] iYjz=8
[ 2019-04-11 16:46:50 - Level:I ]-[Model.Model -> getInfo()] jMjz=10
[ 2019-04-11 16:46:50 - Level:I ]-[Model.Model -> getInfo()] 8进制转换成10进制
[ 2019-04-11 16:46:50 - Level:I ]-[Model.Model -> getInfo()] 10
[ 2019-04-11 16:47:07 - Level:I ]-[Model.Model -> getInfo()] Yjz=10进制
[ 2019-04-11 16:47:07 - Level:I ]-[Model.Model -> getInfo()] Mjz=2进制
[ 2019-04-11 16:47:07 - Level:I ]-[Model.Model -> iGetjz()] -----iGetjz---start-----
[ 2019-04-11 16:47:07 - Level:I ]-[Model.Model -> iGetjz()] 10进制
[ 2019-04-11 16:47:07 - Level:I ]-[Model.Model -> iGetjz()] -----iGetjz---end-----
[ 2019-04-11 16:47:07 - Level:I ]-[Model.Model -> iGetjz()] -----iGetjz---start-----
[ 2019-04-11 16:47:07 - Level:I ]-[Model.Model -> iGetjz()] 2进制
[ 2019-04-11 16:47:07 - Level:I ]-[Model.Model -> iGetjz()] -----iGetjz---end-----
[ 2019-04-11 16:47:07 - Level:I ]-[Model.Model -> getInfo()] iYjz=10
[ 2019-04-11 16:47:07 - Level:I ]-[Model.Model -> getInfo()] jMjz=2
[ 2019-04-11 16:47:07 - Level:I ]-[Model.Model -> getInfo()] iYjz=10
[ 2019-04-11 16:47:07 - Level:I ]-[Model.Model -> getInfo()] jMjz=2
[ 2019-04-11 16:47:07 - Level:I ]-[Model.Model -> getInfo()] 10进制不用转换
[ 2019-04-11 16:47:07 - Level:I ]-[Model.Model -> getInfo()] 1100
[ 2019-04-11 16:47:16 - Level:I ]-[Model.Model -> getInfo()] Yjz=2进制
[ 2019-04-11 16:47:16 - Level:I ]-[Model.Model -> getInfo()] Mjz=8进制
[ 2019-04-11 16:47:16 - Level:I ]-[Model.Model -> iGetjz()] -----iGetjz---start-----
[ 2019-04-11 16:47:16 - Level:I ]-[Model.Model -> iGetjz()] 2进制
[ 2019-04-11 16:47:16 - Level:I ]-[Model.Model -> iGetjz()] -----iGetjz---end-----
[ 2019-04-11 16:47:16 - Level:I ]-[Model.Model -> iGetjz()] -----iGetjz---start-----
[ 2019-04-11 16:47:16 - Level:I ]-[Model.Model -> iGetjz()] 8进制
[ 2019-04-11 16:47:16 - Level:I ]-[Model.Model -> iGetjz()] -----iGetjz---end-----
[ 2019-04-11 16:47:16 - Level:I ]-[Model.Model -> getInfo()] iYjz=2
[ 2019-04-11 16:47:16 - Level:I ]-[Model.Model -> getInfo()] jMjz=8
[ 2019-04-11 16:47:16 - Level:I ]-[Model.Model -> getInfo()] iYjz=2
[ 2019-04-11 16:47:16 - Level:I ]-[Model.Model -> getInfo()] jMjz=8
[ 2019-04-11 16:47:16 - Level:I ]-[Model.Model -> getInfo()] 2进制转换成10进制
[ 2019-04-11 16:47:16 - Level:I ]-[Model.Model -> getInfo()] 14
[ 2019-04-11 16:47:30 - Level:I ]-[Model.Model -> getInfo()] Yjz=10进制
[ 2019-04-11 16:47:30 - Level:I ]-[Model.Model -> getInfo()] Mjz=2进制
[ 2019-04-11 16:47:30 - Level:I ]-[Model.Model -> iGetjz()] -----iGetjz---start-----
[ 2019-04-11 16:47:30 - Level:I ]-[Model.Model -> iGetjz()] 10进制
[ 2019-04-11 16:47:30 - Level:I ]-[Model.Model -> iGetjz()] -----iGetjz---end-----
[ 2019-04-11 16:47:30 - Level:I ]-[Model.Model -> iGetjz()] -----iGetjz---start-----
[ 2019-04-11 16:47:30 - Level:I ]-[Model.Model -> iGetjz()] 2进制
[ 2019-04-11 16:47:30 - Level:I ]-[Model.Model -> iGetjz()] -----iGetjz---end-----
[ 2019-04-11 16:47:30 - Level:I ]-[Model.Model -> getInfo()] iYjz=10
[ 2019-04-11 16:47:30 - Level:I ]-[Model.Model -> getInfo()] jMjz=2
[ 2019-04-11 16:47:30 - Level:I ]-[Model.Model -> getInfo()] iYjz=10
[ 2019-04-11 16:47:30 - Level:I ]-[Model.Model -> getInfo()] jMjz=2
[ 2019-04-11 16:47:30 - Level:I ]-[Model.Model -> getInfo()] 10进制不用转换
[ 2019-04-11 16:47:30 - Level:I ]-[Model.Model -> getInfo()] 1010
[ 2019-04-11 16:47:38 - Level:I ]-[Model.Model -> getInfo()] Yjz=2进制
[ 2019-04-11 16:47:38 - Level:I ]-[Model.Model -> getInfo()] Mjz=2进制
[ 2019-04-11 16:47:38 - Level:I ]-[Model.Model -> iGetjz()] -----iGetjz---start-----
[ 2019-04-11 16:47:38 - Level:I ]-[Model.Model -> iGetjz()] 2进制
[ 2019-04-11 16:47:38 - Level:I ]-[Model.Model -> iGetjz()] -----iGetjz---end-----
[ 2019-04-11 16:47:38 - Level:I ]-[Model.Model -> iGetjz()] -----iGetjz---start-----
[ 2019-04-11 16:47:38 - Level:I ]-[Model.Model -> iGetjz()] 2进制
[ 2019-04-11 16:47:38 - Level:I ]-[Model.Model -> iGetjz()] -----iGetjz---end-----
[ 2019-04-11 16:47:38 - Level:I ]-[Model.Model -> getInfo()] iYjz=2
[ 2019-04-11 16:47:38 - Level:I ]-[Model.Model -> getInfo()] jMjz=2
[ 2019-04-11 16:47:38 - Level:I ]-[Model.Model -> getInfo()] iYjz=2
[ 2019-04-11 16:47:38 - Level:I ]-[Model.Model -> getInfo()] jMjz=2
[ 2019-04-11 16:47:38 - Level:I ]-[Model.Model -> getInfo()] 源进制与目标进制相同，则不用转换
[ 2019-04-11 16:47:38 - Level:I ]-[Model.Model -> getInfo()] 1010
[ 2019-04-11 16:47:41 - Level:I ]-[Model.Model -> getInfo()] Yjz=2进制
[ 2019-04-11 16:47:41 - Level:I ]-[Model.Model -> getInfo()] Mjz=8进制
[ 2019-04-11 16:47:41 - Level:I ]-[Model.Model -> iGetjz()] -----iGetjz---start-----
[ 2019-04-11 16:47:41 - Level:I ]-[Model.Model -> iGetjz()] 2进制
[ 2019-04-11 16:47:41 - Level:I ]-[Model.Model -> iGetjz()] -----iGetjz---end-----
[ 2019-04-11 16:47:41 - Level:I ]-[Model.Model -> iGetjz()] -----iGetjz---start-----
[ 2019-04-11 16:47:41 - Level:I ]-[Model.Model -> iGetjz()] 8进制
[ 2019-04-11 16:47:41 - Level:I ]-[Model.Model -> iGetjz()] -----iGetjz---end-----
[ 2019-04-11 16:47:41 - Level:I ]-[Model.Model -> getInfo()] iYjz=2
[ 2019-04-11 16:47:41 - Level:I ]-[Model.Model -> getInfo()] jMjz=8
[ 2019-04-11 16:47:41 - Level:I ]-[Model.Model -> getInfo()] iYjz=2
[ 2019-04-11 16:47:41 - Level:I ]-[Model.Model -> getInfo()] jMjz=8
[ 2019-04-11 16:47:41 - Level:I ]-[Model.Model -> getInfo()] 2进制转换成10进制
[ 2019-04-11 16:47:41 - Level:I ]-[Model.Model -> getInfo()] 12
[ 2019-04-11 16:48:00 - Level:I ]-[Model.Model -> getInfo()] Yjz=字符
[ 2019-04-11 16:48:01 - Level:I ]-[Model.Model -> getInfo()] Mjz=10进制
[ 2019-04-11 16:48:01 - Level:I ]-[Model.Model -> iGetjz()] -----iGetjz---start-----
[ 2019-04-11 16:48:01 - Level:I ]-[Model.Model -> iGetjz()] 字符
[ 2019-04-11 16:48:01 - Level:I ]-[Model.Model -> iGetjz()] -----iGetjz---end-----
[ 2019-04-11 16:48:01 - Level:I ]-[Model.Model -> iGetjz()] -----iGetjz---start-----
[ 2019-04-11 16:48:01 - Level:I ]-[Model.Model -> iGetjz()] 10进制
[ 2019-04-11 16:48:01 - Level:I ]-[Model.Model -> iGetjz()] -----iGetjz---end-----
[ 2019-04-11 16:48:01 - Level:I ]-[Model.Model -> getInfo()] iYjz=-1
[ 2019-04-11 16:48:01 - Level:I ]-[Model.Model -> getInfo()] jMjz=10
[ 2019-04-11 16:48:01 - Level:I ]-[Model.Model -> getInfo()] iYjz=-1
[ 2019-04-11 16:48:01 - Level:I ]-[Model.Model -> getInfo()] jMjz=10
[ 2019-04-11 16:48:01 - Level:I ]-[Model.Model -> getInfo()] 字符转换成10进制
[ 2019-04-11 16:48:01 - Level:I ]-[Model.Model -> getInfo()] 49
[ 2019-04-11 16:49:28 - Level:I ]-[Model.Model -> getInfo()] Yjz=10进制
[ 2019-04-11 16:49:28 - Level:I ]-[Model.Model -> getInfo()] Mjz=16进制
[ 2019-04-11 16:49:28 - Level:I ]-[Model.Model -> iGetjz()] -----iGetjz---start-----
[ 2019-04-11 16:49:28 - Level:I ]-[Model.Model -> iGetjz()] 10进制
[ 2019-04-11 16:49:28 - Level:I ]-[Model.Model -> iGetjz()] -----iGetjz---end-----
[ 2019-04-11 16:49:28 - Level:I ]-[Model.Model -> iGetjz()] -----iGetjz---start-----
[ 2019-04-11 16:49:28 - Level:I ]-[Model.Model -> iGetjz()] 16进制
[ 2019-04-11 16:49:29 - Level:I ]-[Model.Model -> iGetjz()] -----iGetjz---end-----
[ 2019-04-11 16:49:29 - Level:I ]-[Model.Model -> getInfo()] iYjz=10
[ 2019-04-11 16:49:29 - Level:I ]-[Model.Model -> getInfo()] jMjz=16
[ 2019-04-11 16:49:29 - Level:I ]-[Model.Model -> getInfo()] iYjz=10
[ 2019-04-11 16:49:29 - Level:I ]-[Model.Model -> getInfo()] jMjz=16
[ 2019-04-11 16:49:29 - Level:I ]-[Model.Model -> getInfo()] 10进制不用转换
[ 2019-04-11 16:49:29 - Level:I ]-[Model.Model -> getInfo()] a
[ 2019-04-11 16:49:38 - Level:I ]-[Model.Model -> getInfo()] Yjz=字符
[ 2019-04-11 16:49:38 - Level:I ]-[Model.Model -> getInfo()] Mjz=10进制
[ 2019-04-11 16:49:38 - Level:I ]-[Model.Model -> iGetjz()] -----iGetjz---start-----
[ 2019-04-11 16:49:38 - Level:I ]-[Model.Model -> iGetjz()] 字符
[ 2019-04-11 16:49:38 - Level:I ]-[Model.Model -> iGetjz()] -----iGetjz---end-----
[ 2019-04-11 16:49:38 - Level:I ]-[Model.Model -> iGetjz()] -----iGetjz---start-----
[ 2019-04-11 16:49:38 - Level:I ]-[Model.Model -> iGetjz()] 10进制
[ 2019-04-11 16:49:38 - Level:I ]-[Model.Model -> iGetjz()] -----iGetjz---end-----
[ 2019-04-11 16:49:38 - Level:I ]-[Model.Model -> getInfo()] iYjz=-1
[ 2019-04-11 16:49:38 - Level:I ]-[Model.Model -> getInfo()] jMjz=10
[ 2019-04-11 16:49:38 - Level:I ]-[Model.Model -> getInfo()] iYjz=-1
[ 2019-04-11 16:49:38 - Level:I ]-[Model.Model -> getInfo()] jMjz=10
[ 2019-04-11 16:49:38 - Level:I ]-[Model.Model -> getInfo()] 字符转换成10进制
[ 2019-04-11 16:49:38 - Level:I ]-[Model.Model -> getInfo()] 97
[ 2019-04-11 16:51:33 - Level:I ]-[Model.Model -> getInfo()] Yjz=16进制
[ 2019-04-11 16:51:33 - Level:I ]-[Model.Model -> getInfo()] Mjz=10进制
[ 2019-04-11 16:51:33 - Level:I ]-[Model.Model -> iGetjz()] -----iGetjz---start-----
[ 2019-04-11 16:51:33 - Level:I ]-[Model.Model -> iGetjz()] 16进制
[ 2019-04-11 16:51:33 - Level:I ]-[Model.Model -> iGetjz()] -----iGetjz---end-----
[ 2019-04-11 16:51:33 - Level:I ]-[Model.Model -> iGetjz()] -----iGetjz---start-----
[ 2019-04-11 16:51:33 - Level:I ]-[Model.Model -> iGetjz()] 10进制
[ 2019-04-11 16:51:33 - Level:I ]-[Model.Model -> iGetjz()] -----iGetjz---end-----
[ 2019-04-11 16:51:33 - Level:I ]-[Model.Model -> getInfo()] iYjz=16
[ 2019-04-11 16:51:33 - Level:I ]-[Model.Model -> getInfo()] jMjz=10
[ 2019-04-11 16:51:33 - Level:I ]-[Model.Model -> getInfo()] iYjz=16
[ 2019-04-11 16:51:33 - Level:I ]-[Model.Model -> getInfo()] jMjz=10
[ 2019-04-11 16:51:33 - Level:I ]-[Model.Model -> getInfo()] 16进制转换成10进制
[ 2019-04-11 16:51:33 - Level:I ]-[Model.Model -> getInfo()] 16
[ 2019-04-11 16:51:39 - Level:I ]-[Model.Model -> getInfo()] Yjz=16进制
[ 2019-04-11 16:51:39 - Level:I ]-[Model.Model -> getInfo()] Mjz=10进制
[ 2019-04-11 16:51:39 - Level:I ]-[Model.Model -> iGetjz()] -----iGetjz---start-----
[ 2019-04-11 16:51:39 - Level:I ]-[Model.Model -> iGetjz()] 16进制
[ 2019-04-11 16:51:39 - Level:I ]-[Model.Model -> iGetjz()] -----iGetjz---end-----
[ 2019-04-11 16:51:39 - Level:I ]-[Model.Model -> iGetjz()] -----iGetjz---start-----
[ 2019-04-11 16:51:39 - Level:I ]-[Model.Model -> iGetjz()] 10进制
[ 2019-04-11 16:51:39 - Level:I ]-[Model.Model -> iGetjz()] -----iGetjz---end-----
[ 2019-04-11 16:51:39 - Level:I ]-[Model.Model -> getInfo()] iYjz=16
[ 2019-04-11 16:51:39 - Level:I ]-[Model.Model -> getInfo()] jMjz=10
[ 2019-04-11 16:51:39 - Level:I ]-[Model.Model -> getInfo()] iYjz=16
[ 2019-04-11 16:51:39 - Level:I ]-[Model.Model -> getInfo()] jMjz=10
[ 2019-04-11 16:51:39 - Level:I ]-[Model.Model -> getInfo()] 16进制转换成10进制
[ 2019-04-11 16:51:39 - Level:I ]-[Model.Model -> getInfo()] 21
[ 2019-04-11 16:51:51 - Level:I ]-[Model.Model -> getInfo()] Yjz=16进制
[ 2019-04-11 16:51:51 - Level:I ]-[Model.Model -> getInfo()] Mjz=10进制
[ 2019-04-11 16:51:51 - Level:I ]-[Model.Model -> iGetjz()] -----iGetjz---start-----
[ 2019-04-11 16:51:51 - Level:I ]-[Model.Model -> iGetjz()] 16进制
[ 2019-04-11 16:51:51 - Level:I ]-[Model.Model -> iGetjz()] -----iGetjz---end-----
[ 2019-04-11 16:51:51 - Level:I ]-[Model.Model -> iGetjz()] -----iGetjz---start-----
[ 2019-04-11 16:51:51 - Level:I ]-[Model.Model -> iGetjz()] 10进制
[ 2019-04-11 16:51:51 - Level:I ]-[Model.Model -> iGetjz()] -----iGetjz---end-----
[ 2019-04-11 16:51:51 - Level:I ]-[Model.Model -> getInfo()] iYjz=16
[ 2019-04-11 16:51:51 - Level:I ]-[Model.Model -> getInfo()] jMjz=10
[ 2019-04-11 16:51:51 - Level:I ]-[Model.Model -> getInfo()] iYjz=16
[ 2019-04-11 16:51:51 - Level:I ]-[Model.Model -> getInfo()] jMjz=10
[ 2019-04-11 16:51:51 - Level:I ]-[Model.Model -> getInfo()] 16进制转换成10进制
[ 2019-04-11 16:51:51 - Level:I ]-[Model.Model -> getInfo()] 20
[ 2019-04-11 16:51:55 - Level:I ]-[Model.Model -> getInfo()] Yjz=16进制
[ 2019-04-11 16:51:55 - Level:I ]-[Model.Model -> getInfo()] Mjz=10进制
[ 2019-04-11 16:51:55 - Level:I ]-[Model.Model -> iGetjz()] -----iGetjz---start-----
[ 2019-04-11 16:51:55 - Level:I ]-[Model.Model -> iGetjz()] 16进制
[ 2019-04-11 16:51:55 - Level:I ]-[Model.Model -> iGetjz()] -----iGetjz---end-----
[ 2019-04-11 16:51:55 - Level:I ]-[Model.Model -> iGetjz()] -----iGetjz---start-----
[ 2019-04-11 16:51:55 - Level:I ]-[Model.Model -> iGetjz()] 10进制
[ 2019-04-11 16:51:55 - Level:I ]-[Model.Model -> iGetjz()] -----iGetjz---end-----
[ 2019-04-11 16:51:55 - Level:I ]-[Model.Model -> getInfo()] iYjz=16
[ 2019-04-11 16:51:55 - Level:I ]-[Model.Model -> getInfo()] jMjz=10
[ 2019-04-11 16:51:55 - Level:I ]-[Model.Model -> getInfo()] iYjz=16
[ 2019-04-11 16:51:55 - Level:I ]-[Model.Model -> getInfo()] jMjz=10
[ 2019-04-11 16:51:55 - Level:I ]-[Model.Model -> getInfo()] 16进制转换成10进制
[ 2019-04-11 16:51:55 - Level:I ]-[Model.Model -> getInfo()] 19
[ 2019-04-11 16:52:05 - Level:I ]-[Model.Model -> getInfo()] Yjz=16进制
[ 2019-04-11 16:52:05 - Level:I ]-[Model.Model -> getInfo()] Mjz=10进制
[ 2019-04-11 16:52:05 - Level:I ]-[Model.Model -> iGetjz()] -----iGetjz---start-----
[ 2019-04-11 16:52:05 - Level:I ]-[Model.Model -> iGetjz()] 16进制
[ 2019-04-11 16:52:05 - Level:I ]-[Model.Model -> iGetjz()] -----iGetjz---end-----
[ 2019-04-11 16:52:05 - Level:I ]-[Model.Model -> iGetjz()] -----iGetjz---start-----
[ 2019-04-11 16:52:05 - Level:I ]-[Model.Model -> iGetjz()] 10进制
[ 2019-04-11 16:52:05 - Level:I ]-[Model.Model -> iGetjz()] -----iGetjz---end-----
[ 2019-04-11 16:52:05 - Level:I ]-[Model.Model -> getInfo()] iYjz=16
[ 2019-04-11 16:52:05 - Level:I ]-[Model.Model -> getInfo()] jMjz=10
[ 2019-04-11 16:52:05 - Level:I ]-[Model.Model -> getInfo()] iYjz=16
[ 2019-04-11 16:52:05 - Level:I ]-[Model.Model -> getInfo()] jMjz=10
[ 2019-04-11 16:52:05 - Level:I ]-[Model.Model -> getInfo()] 16进制转换成10进制
[ 2019-04-11 16:52:05 - Level:I ]-[Model.Model -> getInfo()] 21
[ 2019-04-11 16:52:09 - Level:I ]-[Model.Model -> getInfo()] Yjz=16进制
[ 2019-04-11 16:52:09 - Level:I ]-[Model.Model -> getInfo()] Mjz=10进制
[ 2019-04-11 16:52:09 - Level:I ]-[Model.Model -> iGetjz()] -----iGetjz---start-----
[ 2019-04-11 16:52:09 - Level:I ]-[Model.Model -> iGetjz()] 16进制
[ 2019-04-11 16:52:09 - Level:I ]-[Model.Model -> iGetjz()] -----iGetjz---end-----
[ 2019-04-11 16:52:09 - Level:I ]-[Model.Model -> iGetjz()] -----iGetjz---start-----
[ 2019-04-11 16:52:09 - Level:I ]-[Model.Model -> iGetjz()] 10进制
[ 2019-04-11 16:52:09 - Level:I ]-[Model.Model -> iGetjz()] -----iGetjz---end-----
[ 2019-04-11 16:52:09 - Level:I ]-[Model.Model -> getInfo()] iYjz=16
[ 2019-04-11 16:52:09 - Level:I ]-[Model.Model -> getInfo()] jMjz=10
[ 2019-04-11 16:52:09 - Level:I ]-[Model.Model -> getInfo()] iYjz=16
[ 2019-04-11 16:52:09 - Level:I ]-[Model.Model -> getInfo()] jMjz=10
[ 2019-04-11 16:52:09 - Level:I ]-[Model.Model -> getInfo()] 16进制转换成10进制
[ 2019-04-11 16:52:09 - Level:I ]-[Model.Model -> getInfo()] 21
[ 2019-04-11 16:52:13 - Level:I ]-[Model.Model -> getInfo()] Yjz=16进制
[ 2019-04-11 16:52:13 - Level:I ]-[Model.Model -> getInfo()] Mjz=10进制
[ 2019-04-11 16:52:13 - Level:I ]-[Model.Model -> iGetjz()] -----iGetjz---start-----
[ 2019-04-11 16:52:13 - Level:I ]-[Model.Model -> iGetjz()] 16进制
[ 2019-04-11 16:52:13 - Level:I ]-[Model.Model -> iGetjz()] -----iGetjz---end-----
[ 2019-04-11 16:52:13 - Level:I ]-[Model.Model -> iGetjz()] -----iGetjz---start-----
[ 2019-04-11 16:52:13 - Level:I ]-[Model.Model -> iGetjz()] 10进制
[ 2019-04-11 16:52:13 - Level:I ]-[Model.Model -> iGetjz()] -----iGetjz---end-----
[ 2019-04-11 16:52:13 - Level:I ]-[Model.Model -> getInfo()] iYjz=16
[ 2019-04-11 16:52:13 - Level:I ]-[Model.Model -> getInfo()] jMjz=10
[ 2019-04-11 16:52:13 - Level:I ]-[Model.Model -> getInfo()] iYjz=16
[ 2019-04-11 16:52:13 - Level:I ]-[Model.Model -> getInfo()] jMjz=10
[ 2019-04-11 16:52:13 - Level:I ]-[Model.Model -> getInfo()] 16进制转换成10进制
[ 2019-04-11 16:52:13 - Level:I ]-[Model.Model -> getInfo()] 21
[ 2019-04-11 16:52:13 - Level:I ]-[Model.Model -> getInfo()] Yjz=16进制
[ 2019-04-11 16:52:13 - Level:I ]-[Model.Model -> getInfo()] Mjz=10进制
[ 2019-04-11 16:52:13 - Level:I ]-[Model.Model -> iGetjz()] -----iGetjz---start-----
[ 2019-04-11 16:52:13 - Level:I ]-[Model.Model -> iGetjz()] 16进制
[ 2019-04-11 16:52:13 - Level:I ]-[Model.Model -> iGetjz()] -----iGetjz---end-----
[ 2019-04-11 16:52:13 - Level:I ]-[Model.Model -> iGetjz()] -----iGetjz---start-----
[ 2019-04-11 16:52:13 - Level:I ]-[Model.Model -> iGetjz()] 10进制
[ 2019-04-11 16:52:13 - Level:I ]-[Model.Model -> iGetjz()] -----iGetjz---end-----
[ 2019-04-11 16:52:13 - Level:I ]-[Model.Model -> getInfo()] iYjz=16
[ 2019-04-11 16:52:13 - Level:I ]-[Model.Model -> getInfo()] jMjz=10
[ 2019-04-11 16:52:13 - Level:I ]-[Model.Model -> getInfo()] iYjz=16
[ 2019-04-11 16:52:13 - Level:I ]-[Model.Model -> getInfo()] jMjz=10
[ 2019-04-11 16:52:13 - Level:I ]-[Model.Model -> getInfo()] 16进制转换成10进制
[ 2019-04-11 16:52:13 - Level:I ]-[Model.Model -> getInfo()] 21
[ 2019-04-11 17:07:45 - Level:I ]-[Model.Model -> getInfo()] Yjz=16进制
[ 2019-04-11 17:07:45 - Level:I ]-[Model.Model -> getInfo()] Mjz=10进制
[ 2019-04-11 17:07:45 - Level:I ]-[Model.Model -> iGetjz()] -----iGetjz---start-----
[ 2019-04-11 17:07:45 - Level:I ]-[Model.Model -> iGetjz()] 16进制
[ 2019-04-11 17:07:45 - Level:I ]-[Model.Model -> iGetjz()] -----iGetjz---end-----
[ 2019-04-11 17:07:45 - Level:I ]-[Model.Model -> iGetjz()] -----iGetjz---start-----
[ 2019-04-11 17:07:45 - Level:I ]-[Model.Model -> iGetjz()] 10进制
[ 2019-04-11 17:07:45 - Level:I ]-[Model.Model -> iGetjz()] -----iGetjz---end-----
[ 2019-04-11 17:07:45 - Level:I ]-[Model.Model -> getInfo()] iYjz=16
[ 2019-04-11 17:07:45 - Level:I ]-[Model.Model -> getInfo()] jMjz=10
[ 2019-04-11 17:07:45 - Level:I ]-[Model.Model -> getInfo()] iYjz=16
[ 2019-04-11 17:07:45 - Level:I ]-[Model.Model -> getInfo()] jMjz=10
[ 2019-04-11 17:07:45 - Level:I ]-[Model.Model -> getInfo()] 16进制转换成10进制
[ 2019-04-11 17:07:45 - Level:I ]-[Model.Model -> getInfo()] 21
